*** Using Compiler 'V5.06 update 7 (build 960)', folder: 'F:\KEIL\ARM\ARMCC\Bin'
Rebuild target 'separate_waste_bin_2024'
assembling startup_stm32f407xx.s...
compiling stm32f4xx_hal_timebase_tim.c...
compiling gpio.c...
compiling stm32f4xx_hal_msp.c...
compiling dma.c...
compiling stm32f4xx_it.c...
compiling stm32f4xx_hal_rcc_ex.c...
compiling rtc.c...
compiling usart.c...
compiling main.c...
compiling stm32f4xx_hal_rcc.c...
compiling freertos.c...
../Core/Src/freertos.c(189): warning:  #167-D: argument of type "void (*)(const void *)" is incompatible with parameter of type "TaskFunction_t"
      xReturn = xTaskCreate(SonarReadTask,
../Core/Src/freertos.c(247): warning:  #167-D: argument of type "void (*)(const void *)" is incompatible with parameter of type "TaskFunction_t"
      xReturn = xTaskCreate(DCMotorControlTask,
../Core/Src/freertos.c: 2 warnings, 0 errors
compiling tim.c...
compiling stm32f4xx_hal_flash_ramfunc.c...
compiling stm32f4xx_hal_pwr_ex.c...
compiling stm32f4xx_hal_dma.c...
compiling stm32f4xx_hal_exti.c...
compiling stm32f4xx_hal_cortex.c...
compiling stm32f4xx_hal_gpio.c...
compiling stm32f4xx_hal_pwr.c...
compiling stm32f4xx_hal_rtc.c...
compiling stm32f4xx_hal_flash.c...
compiling stm32f4xx_hal.c...
compiling stm32f4xx_hal_flash_ex.c...
compiling stm32f4xx_hal_dma_ex.c...
compiling servo_motor.c...
compiling OPTO_switch.c...
compiling system_stm32f4xx.c...
compiling stm32f4xx_hal_rtc_ex.c...
compiling sonar_SR04.c...
compiling app_servo_motor.c...
compiling stepper_motor.c...
..\Drivers\KMDriver\Src\stepper_motor.c(42): warning:  #188-D: enumerated type mixed with another type
      HAL_GPIO_WritePin(hMotor->dir.port, hMotor->dir.pin, dir);
..\Drivers\KMDriver\Src\stepper_motor.c(82): warning:  #188-D: enumerated type mixed with another type
      HAL_GPIO_WritePin(hMotor->dir.port, hMotor->dir.pin, dir);
..\Drivers\KMDriver\Src\stepper_motor.c: 2 warnings, 0 errors
compiling DCmotor.c...
compiling stm32f4xx_hal_tim_ex.c...
compiling app_sonar.c...
compiling stm32f4xx_hal_uart.c...
compiling croutine.c...
compiling event_groups.c...
compiling list.c...
compiling queue.c...
compiling stream_buffer.c...
compiling timers.c...
compiling heap_4.c...
compiling tasks.c...
compiling stm32f4xx_hal_tim.c...
compiling cmsis_os.c...
compiling port.c...
compiling app_stepper_motor.c...
compiling UART_DMA.c...
compiling app_visual_identity.c...
compiling app_log.c...
compiling app_OPTO_switch.c...
linking...
Program Size: Code=34356 RO-data=496 RW-data=532 ZI-data=19812  
FromELF: creating hex file...
"separate_waste_bin_2024\separate_waste_bin_2024.axf" - 0 Error(s), 4 Warning(s).
Build Time Elapsed:  00:00:19
